#
# A fatal error has been detected by the Java Runtime Environment:
#
#  EXCEPTION_ACCESS_VIOLATION (0xc0000005) at pc=0x15caf420, pid=5240, tid=2264
#
# JRE version: Java(TM) SE Runtime Environment (8.0_91-b15) (build 1.8.0_91-b15)
# Java VM: Java HotSpot(TM) Client VM (25.91-b15 mixed mode windows-x86 )
# Problematic frame:
# C  [jipopt.dll+0x5f420]
#
# Failed to write core dump. Minidumps are not enabled by default on client versions of Windows
#
# If you would like to submit a bug report, please visit:
#   http://bugreport.java.com/bugreport/crash.jsp
# The crash happened outside the Java Virtual Machine in native code.
# See problematic frame for where to report the bug.
#

---------------  T H R E A D  ---------------

Current thread (0x02f7c000):  JavaThread "main" [_thread_in_native, id=2264, stack(0x01680000,0x016d0000)]

siginfo: ExceptionCode=0xc0000005, reading address 0xcfb41ee0

Registers:
EAX=0x00000001, EBX=0x0000000c, ECX=0xcfb41ee0, EDX=0x160deeb0
ESP=0x016cdcc0, EBP=0x00000003, ESI=0x00000003, EDI=0x160e551c
EIP=0x15caf420, EFLAGS=0x00010206

Top of Stack: (sp=0x016cdcc0)
0x016cdcc0:   00000020 00000018 00000000 00000000
0x016cdcd0:   00000001 00000008 160deeb0 160d6958
0x016cdce0:   00000000 02e61300 00000000 00000000
0x016cdcf0:   00000000 00000000 00000000 00000001
0x016cdd00:   00000000 160d6938 00000000 00000000
0x016cdd10:   00000000 00000000 000001a0 00000000
0x016cdd20:   00000000 00000000 00000000 00000000
0x016cdd30:   00000078 160f2080 160f23a0 160e5650 

Instructions: (pc=0x15caf420)
0x15caf400:   24 98 04 00 00 8b 94 24 7c 01 00 00 8b 04 13 8d
0x15caf410:   0c 87 8b 84 24 80 01 00 00 8b 04 03 89 44 24 3c
0x15caf420:   83 39 ff 74 38 8d 04 ad 00 00 00 00 8b 94 24 b0
0x15caf430:   06 00 00 8b ba 20 01 00 00 01 c7 89 7c 24 44 89 


Register to memory mapping:

EAX=0x00000001 is an unknown value
EBX=0x0000000c is an unknown value
ECX=0xcfb41ee0 is an unknown value
EDX=0x160deeb0 is an unknown value
ESP=0x016cdcc0 is pointing into the stack for thread: 0x02f7c000
EBP=0x00000003 is an unknown value
ESI=0x00000003 is an unknown value
EDI=0x160e551c is an unknown value


Stack: [0x01680000,0x016d0000],  sp=0x016cdcc0,  free space=311k
Native frames: (J=compiled Java code, j=interpreted, Vv=VM code, C=native code)
C  [jipopt.dll+0x5f420]

Java frames: (J=compiled Java code, j=interpreted, Vv=VM code)
j  org.coinor.Ipopt.IpoptSolve(J[D[D[D[D[D[D[D[D[D)I+0
j  org.coinor.Ipopt.solve([D)I+48
j  jpopt.JPOPT.main([Ljava/lang/String;)V+36
v  ~StubRoutines::call_stub

---------------  P R O C E S S  ---------------

Java Threads: ( => current thread )
  0x155b3000 JavaThread "Service Thread" daemon [_thread_blocked, id=1460, stack(0x15b70000,0x15bc0000)]
  0x155aa800 JavaThread "C1 CompilerThread0" daemon [_thread_blocked, id=1052, stack(0x15ae0000,0x15b30000)]
  0x155ba800 JavaThread "Attach Listener" daemon [_thread_blocked, id=4028, stack(0x15a50000,0x15aa0000)]
  0x155b6800 JavaThread "Signal Dispatcher" daemon [_thread_blocked, id=8196, stack(0x159c0000,0x15a10000)]
  0x15599800 JavaThread "Finalizer" daemon [_thread_blocked, id=4112, stack(0x15850000,0x158a0000)]
  0x02f5e800 JavaThread "Reference Handler" daemon [_thread_blocked, id=6112, stack(0x157c0000,0x15810000)]
=>0x02f7c000 JavaThread "main" [_thread_in_native, id=2264, stack(0x01680000,0x016d0000)]

Other Threads:
  0x02f5c400 VMThread [stack: 0x15530000,0x15580000] [id=8248]
  0x155dcc00 WatcherThread [stack: 0x15c00000,0x15c50000] [id=8028]

VM state:not at safepoint (normal execution)

VM Mutex/Monitor currently owned by a thread: None

Heap:
 def new generation   total 4928K, used 799K [0x05000000, 0x05550000, 0x0a550000)
  eden space 4416K,  18% used [0x05000000, 0x050c7cb0, 0x05450000)
  from space 512K,   0% used [0x05450000, 0x05450000, 0x054d0000)
  to   space 512K,   0% used [0x054d0000, 0x054d0000, 0x05550000)
 tenured generation   total 10944K, used 0K [0x0a550000, 0x0b000000, 0x15000000)
   the space 10944K,   0% used [0x0a550000, 0x0a550000, 0x0a550200, 0x0b000000)
 Metaspace       used 1925K, capacity 2312K, committed 2368K, reserved 4480K

Card table byte_map: [0x15000000,0x15090000] byte_map_base: 0x14fd8000

Polling page: 0x01630000

CodeCache: size=32768Kb used=697Kb max_used=697Kb free=32070Kb
 bounds [0x02f80000, 0x03030000, 0x04f80000]
 total_blobs=170 nmethods=25 adapters=77
 compilation: enabled

Compilation events (10 events):
Event: 0.088 Thread 0x155aa800   21             java.lang.String::length (6 bytes)
Event: 0.088 Thread 0x155aa800 nmethod 21 0x0302bac8 code [0x0302bbc0, 0x0302bc50]
Event: 0.090 Thread 0x155aa800   22             java.lang.String::replace (127 bytes)
Event: 0.091 Thread 0x155aa800 nmethod 22 0x0302bcc8 code [0x0302bde0, 0x0302c060]
Event: 0.095 Thread 0x155aa800   23             Jama.Matrix::times (176 bytes)
Event: 0.096 Thread 0x155aa800 nmethod 23 0x0302c408 code [0x0302c550, 0x0302c92c]
Event: 0.096 Thread 0x155aa800   24             java.lang.Math::min (11 bytes)
Event: 0.097 Thread 0x155aa800 nmethod 24 0x0302ce88 code [0x0302cf80, 0x0302cff0]
Event: 0.097 Thread 0x155aa800   25 %           Jama.LUDecomposition::solve @ 208 (264 bytes)
Event: 0.098 Thread 0x155aa800 nmethod 25% 0x0302d048 code [0x0302d200, 0x0302d854]

GC Heap History (0 events):
No events

Deoptimization events (0 events):
No events

Internal exceptions (2 events):
Event: 0.025 Thread 0x02f7c000 Exception <a 'java/lang/NoSuchMethodError': Method sun.misc.Unsafe.defineClass(Ljava/lang/String;[BII)Ljava/lang/Class; name or signature does not match> (0x05006ea8) thrown at [C:\re\workspace\8-2-build-windows-i586-cygwin\jdk8u91\7017\hotspot\src\share\v¥>b6Å
ö?
Event: 0.025 Thread 0x02f7c000 Exception <a 'java/lang/NoSuchMethodError': Method sun.misc.Unsafe.prefetchRead(Ljava/lang/Object;J)V name or signature does not match> (0x05007178) thrown at [C:\re\workspace\8-2-build-windows-i586-cygwin\jdk8u91\7017\hotspot\src\share\vm\prims\jni.cpp, l

Events (10 events):
Event: 0.094 loading class java/text/Format done
Event: 0.094 loading class java/text/NumberFormat done
Event: 0.094 loading class java/text/DecimalFormat
Event: 0.094 loading class java/text/DecimalFormat done
Event: 0.095 loading class java/lang/ArrayIndexOutOfBoundsException
Event: 0.095 loading class java/lang/IndexOutOfBoundsException
Event: 0.095 loading class java/lang/IndexOutOfBoundsException done
Event: 0.095 loading class java/lang/ArrayIndexOutOfBoundsException done
Event: 0.096 loading class Jama/LUDecomposition
Event: 0.096 loading class Jama/LUDecomposition done


Dynamic libraries:
0x010c0000 - 0x010f3000 	C:\Program Files (x86)\Java\jdk1.8.0_91\bin\java.exe
0x77cb0000 - 0x77e2b000 	C:\WINDOWS\SYSTEM32\ntdll.dll
0x76000000 - 0x760e0000 	C:\WINDOWS\SYSTEM32\KERNEL32.DLL
0x779d0000 - 0x77b4e000 	C:\WINDOWS\SYSTEM32\KERNELBASE.dll
0x741c0000 - 0x74252000 	C:\WINDOWS\system32\apphelp.dll
0x763d0000 - 0x7644b000 	C:\WINDOWS\SYSTEM32\ADVAPI32.dll
0x775c0000 - 0x7767e000 	C:\WINDOWS\SYSTEM32\msvcrt.dll
0x75fb0000 - 0x75ff4000 	C:\WINDOWS\SYSTEM32\sechost.dll
0x765e0000 - 0x7668d000 	C:\WINDOWS\SYSTEM32\RPCRT4.dll
0x749e0000 - 0x749fe000 	C:\WINDOWS\SYSTEM32\SspiCli.dll
0x749d0000 - 0x749da000 	C:\WINDOWS\SYSTEM32\CRYPTBASE.dll
0x77910000 - 0x77968000 	C:\WINDOWS\SYSTEM32\bcryptPrimitives.dll
0x760e0000 - 0x76227000 	C:\WINDOWS\SYSTEM32\USER32.dll
0x77b50000 - 0x77c9f000 	C:\WINDOWS\SYSTEM32\GDI32.dll
0x72c70000 - 0x72e7f000 	C:\WINDOWS\WinSxS\x86_microsoft.windows.common-controls_6595b64144ccf1df_6.0.10586.494_none_ea85e725b9ba5a4b\COMCTL32.dll
0x76f90000 - 0x7714d000 	C:\WINDOWS\SYSTEM32\combase.dll
0x74b10000 - 0x74b3b000 	C:\WINDOWS\SYSTEM32\IMM32.DLL
0x55050000 - 0x5510d000 	C:\Program Files (x86)\Java\jdk1.8.0_91\jre\bin\msvcr100.dll
0x54c80000 - 0x5504a000 	C:\Program Files (x86)\Java\jdk1.8.0_91\jre\bin\client\jvm.dll
0x74aa0000 - 0x74aa6000 	C:\WINDOWS\SYSTEM32\PSAPI.DLL
0x739e0000 - 0x73a04000 	C:\WINDOWS\SYSTEM32\WINMM.dll
0x743f0000 - 0x743f8000 	C:\WINDOWS\SYSTEM32\VERSION.dll
0x74310000 - 0x74318000 	C:\WINDOWS\SYSTEM32\WSOCK32.dll
0x778a0000 - 0x778ff000 	C:\WINDOWS\SYSTEM32\WS2_32.dll
0x015c0000 - 0x015e3000 	C:\WINDOWS\SYSTEM32\WINMMBASE.dll
0x76a50000 - 0x76a87000 	C:\WINDOWS\SYSTEM32\cfgmgr32.dll
0x5db10000 - 0x5db1c000 	C:\Program Files (x86)\Java\jdk1.8.0_91\jre\bin\verify.dll
0x54c50000 - 0x54c71000 	C:\Program Files (x86)\Java\jdk1.8.0_91\jre\bin\java.dll
0x5daf0000 - 0x5db03000 	C:\Program Files (x86)\Java\jdk1.8.0_91\jre\bin\zip.dll
0x74b90000 - 0x75f8e000 	C:\WINDOWS\SYSTEM32\SHELL32.dll
0x76a90000 - 0x76f8a000 	C:\WINDOWS\SYSTEM32\windows.storage.dll
0x74b40000 - 0x74b85000 	C:\WINDOWS\SYSTEM32\shlwapi.dll
0x77ca0000 - 0x77cac000 	C:\WINDOWS\SYSTEM32\kernel.appcore.dll
0x769a0000 - 0x76a2d000 	C:\WINDOWS\SYSTEM32\shcore.dll
0x77680000 - 0x776c4000 	C:\WINDOWS\SYSTEM32\powrprof.dll
0x76810000 - 0x7681f000 	C:\WINDOWS\SYSTEM32\profapi.dll
0x15c50000 - 0x160b3000 	C:\Users\Cat\Documents\GitHub\AP_IIT_2016\Java\Optimizer_Projects\jIPOPT\jPOPT\lib\jipopt.dll
0x73550000 - 0x7368f000 	C:\WINDOWS\SYSTEM32\dbghelp.dll

VM Arguments:
jvm_args: -Dfile.encoding=UTF-8 
java_command: jpopt.JPOPT
java_class_path (initial): C:\Users\Cat\Documents\GitHub\AP_IIT_2016\Java\Optimizer_Projects\jIPOPT\jPOPT\lib\jipopt-3.3.2.jar;C:\Users\Cat\Documents\GitHub\AP_IIT_2016\Java\DIAS\libs\Jama-1.0.3.jar;C:\Users\Cat\Documents\GitHub\AP_IIT_2016\Java\Optimizer_Projects\jIPOPT\jPOPT\build\classes
Launcher Type: SUN_STANDARD

Environment Variables:
PATH=C:\ProgramData\Oracle\Java\javapath;C:\Program Files (x86)\Intel\iCLS Client\;C:\Program Files\Intel\iCLS Client\;C:\WINDOWS\system32;C:\WINDOWS;C:\WINDOWS\System32\Wbem;C:\WINDOWS\System32\WindowsPowerShell\v1.0\;C:\Program Files (x86)\Intel\OpenCL SDK\2.0\bin\x86;C:\Program Files (x86)\Intel\OpenCL SDK\2.0\bin\x64;C:\Program Files (x86)\Windows Live\Shared;C:\Program Files\Intel\WiFi\bin\;C:\Program Files\Common Files\Intel\WirelessCommon\;C:\Program Files (x86)\Skype\Phone\;C:\Program Files (x86)\PharosSystems\Core;C:\Program Files\Calibre2\;C:\Program Files\Intel\Intel(R) Management Engine Components\DAL;C:\Program Files\Intel\Intel(R) Management Engine Components\IPT;C:\Program Files (x86)\Intel\Intel(R) Management Engine Components\DAL;C:\Program Files (x86)\Intel\Intel(R) Management Engine Components\IPT;C:\Program Files\MATLAB\R2014a\runtime\win64;C:\Program Files\MATLAB\R2014a\bin;C:\Program Files\MATLAB\R2014a\polyspace\bin;C:\Program Files\Perforce;C:\Program Files\Perforce\DVCS\;C:\Program Files (x86)\Nmap
USERNAME=Cat
OS=Windows_NT
PROCESSOR_IDENTIFIER=Intel64 Family 6 Model 58 Stepping 9, GenuineIntel



---------------  S Y S T E M  ---------------

OS: Windows 10.0 , 64 bit Build 10586 (10.0.10586.0)

CPU:total 4 (2 cores per cpu, 2 threads per core) family 6 model 58 stepping 9, cmov, cx8, fxsr, mmx, sse, sse2, sse3, ssse3, sse4.1, sse4.2, popcnt, avx, aes, clmul, erms, ht, tsc, tscinvbit, tscinv

Memory: 4k page, physical 8271552k(2570168k free), swap 9582272k(3459256k free)

vm_info: Java HotSpot(TM) Client VM (25.91-b15) for windows-x86 JRE (1.8.0_91-b15), built on May 20 2016 17:33:18 by "java_re" with MS VC++ 10.0 (VS2010)

time: Wed Jul 13 17:04:23 2016
elapsed time: 0 seconds (0d 0h 0m 0s)

