#
# A fatal error has been detected by the Java Runtime Environment:
#
#  EXCEPTION_ACCESS_VIOLATION (0xc0000005) at pc=0x168ff420, pid=9032, tid=9000
#
# JRE version: Java(TM) SE Runtime Environment (8.0_91-b15) (build 1.8.0_91-b15)
# Java VM: Java HotSpot(TM) Client VM (25.91-b15 mixed mode, sharing windows-x86 )
# Problematic frame:
# C  [jipopt.dll+0x5f420]
#
# Failed to write core dump. Minidumps are not enabled by default on client versions of Windows
#
# If you would like to submit a bug report, please visit:
#   http://bugreport.java.com/bugreport/crash.jsp
# The crash happened outside the Java Virtual Machine in native code.
# See problematic frame for where to report the bug.
#

---------------  T H R E A D  ---------------

Current thread (0x02c1c000):  JavaThread "main" [_thread_in_native, id=9000, stack(0x01200000,0x01250000)]

siginfo: ExceptionCode=0xc0000005, reading address 0x96a96c74

Registers:
EAX=0x65636362, EBX=0x0000000c, ECX=0x96a96c74, EDX=0x16490168
ESP=0x0124dae0, EBP=0x00000003, ESI=0x00000003, EDI=0x011bdeec
EIP=0x168ff420, EFLAGS=0x00010206

Top of Stack: (sp=0x0124dae0)
0x0124dae0:   00000020 00000018 00000000 00000000
0x0124daf0:   00000001 00000008 16490168 16490190
0x0124db00:   00000000 550cb313 00000000 00000000
0x0124db10:   00000000 00000ee0 00000000 65636362
0x0124db20:   00000000 164901c0 00000000 00000000
0x0124db30:   eb33ed66 00000000 000001a0 00000000
0x0124db40:   00000000 00000000 00000000 00000000
0x0124db50:   00000078 16552d30 16553370 011bded0 

Instructions: (pc=0x168ff420)
0x168ff400:   24 98 04 00 00 8b 94 24 7c 01 00 00 8b 04 13 8d
0x168ff410:   0c 87 8b 84 24 80 01 00 00 8b 04 03 89 44 24 3c
0x168ff420:   83 39 ff 74 38 8d 04 ad 00 00 00 00 8b 94 24 b0
0x168ff430:   06 00 00 8b ba 20 01 00 00 01 c7 89 7c 24 44 89 


Register to memory mapping:

EAX=0x65636362 is an unknown value
EBX=0x0000000c is an unknown value
ECX=0x96a96c74 is an unknown value
EDX=0x16490168 is an unknown value
ESP=0x0124dae0 is pointing into the stack for thread: 0x02c1c000
EBP=0x00000003 is an unknown value
ESI=0x00000003 is an unknown value
EDI=0x011bdeec is an unknown value


Stack: [0x01200000,0x01250000],  sp=0x0124dae0,  free space=310k
Native frames: (J=compiled Java code, j=interpreted, Vv=VM code, C=native code)
C  [jipopt.dll+0x5f420]

Java frames: (J=compiled Java code, j=interpreted, Vv=VM code)
j  org.coinor.Ipopt.IpoptSolve(J[D[D[D[D[D[D[D[D[D)I+0
j  org.coinor.Ipopt.solve([D)I+48
j  jpopt.JPOPT.main([Ljava/lang/String;)V+36
v  ~StubRoutines::call_stub

---------------  P R O C E S S  ---------------

Java Threads: ( => current thread )
  0x02b3ec00 JavaThread "Service Thread" daemon [_thread_blocked, id=8356, stack(0x161b0000,0x16200000)]
  0x02b1fc00 JavaThread "C1 CompilerThread0" daemon [_thread_blocked, id=8468, stack(0x16120000,0x16170000)]
  0x02b1ec00 JavaThread "Attach Listener" daemon [_thread_blocked, id=5476, stack(0x16090000,0x160e0000)]
  0x02b1cc00 JavaThread "Signal Dispatcher" daemon [_thread_blocked, id=8704, stack(0x16000000,0x16050000)]
  0x02b13800 JavaThread "Finalizer" daemon [_thread_blocked, id=6028, stack(0x15900000,0x15950000)]
  0x02ab6400 JavaThread "Reference Handler" daemon [_thread_blocked, id=6016, stack(0x14e00000,0x14e50000)]
=>0x02c1c000 JavaThread "main" [_thread_in_native, id=9000, stack(0x01200000,0x01250000)]

Other Threads:
  0x02ab2800 VMThread [stack: 0x04d50000,0x04da0000] [id=388]
  0x02b54800 WatcherThread [stack: 0x16240000,0x16290000] [id=7788]

VM state:not at safepoint (normal execution)

VM Mutex/Monitor currently owned by a thread: None

Heap:
 def new generation   total 4928K, used 1990K [0x04e00000, 0x05350000, 0x0a350000)
  eden space 4416K,  45% used [0x04e00000, 0x04ff19f8, 0x05250000)
  from space 512K,   0% used [0x052d0000, 0x052d0010, 0x05350000)
  to   space 512K,   0% used [0x05250000, 0x05250000, 0x052d0000)
 tenured generation   total 10944K, used 319K [0x0a350000, 0x0ae00000, 0x14e00000)
   the space 10944K,   2% used [0x0a350000, 0x0a39fc28, 0x0a39fe00, 0x0ae00000)
 Metaspace       used 95K, capacity 2312K, committed 2368K, reserved 4480K

Card table byte_map: [0x04c20000,0x04cb0000] byte_map_base: 0x04bf9000

Polling page: 0x01170000

CodeCache: size=32768Kb used=794Kb max_used=794Kb free=31973Kb
 bounds [0x02c20000, 0x02ce8000, 0x04c20000]
 total_blobs=246 nmethods=100 adapters=78
 compilation: enabled

Compilation events (10 events):
Event: 9.368 Thread 0x02b1fc00   96             jpopt.HS071::eval_grad_f (94 bytes)
Event: 9.369 Thread 0x02b1fc00 nmethod 96 0x02ce3c48 code [0x02ce3d50, 0x02ce3e90]
Event: 9.369 Thread 0x02b1fc00   97             jpopt.HS071::eval_h (63 bytes)
Event: 9.369 Thread 0x02b1fc00 nmethod 97 0x02ce3fc8 code [0x02ce40c0, 0x02ce4150]
Event: 10.253 Thread 0x02b1fc00   98             java.lang.String::replace (127 bytes)
Event: 10.253 Thread 0x02b1fc00 nmethod 98 0x02ce4188 code [0x02ce42a0, 0x02ce4520]
Event: 10.258 Thread 0x02b1fc00   99             Jama.Matrix::times (176 bytes)
Event: 10.258 Thread 0x02b1fc00 nmethod 99 0x02ce49c8 code [0x02ce4b10, 0x02ce4eec]
Event: 10.261 Thread 0x02b1fc00  100 %           Jama.LUDecomposition::solve @ 208 (264 bytes)
Event: 10.262 Thread 0x02b1fc00 nmethod 100% 0x02ce5448 code [0x02ce5600, 0x02ce5c54]

GC Heap History (6 events):
Event: 2.757 GC heap before
{Heap before GC invocations=0 (full 0):
 def new generation   total 4928K, used 4416K [0x04e00000, 0x05350000, 0x0a350000)
  eden space 4416K, 100% used [0x04e00000, 0x05250000, 0x05250000)
  from space 512K,   0% used [0x05250000, 0x05250000, 0x052d0000)
  to   space 512K,   0% used [0x052d0000, 0x052d0000, 0x05350000)
 tenured generation   total 10944K, used 0K [0x0a350000, 0x0ae00000, 0x14e00000)
   the space 10944K,   0% used [0x0a350000, 0x0a350000, 0x0a350200, 0x0ae00000)
 Metaspace       used 63K, capacity 2280K, committed 2368K, reserved 4480K
Event: 2.772 GC heap after
Heap after GC invocations=1 (full 0):
 def new generation   total 4928K, used 329K [0x04e00000, 0x05350000, 0x0a350000)
  eden space 4416K,   0% used [0x04e00000, 0x04e00000, 0x05250000)
  from space 512K,  64% used [0x052d0000, 0x05322720, 0x05350000)
  to   space 512K,   0% used [0x05250000, 0x05250000, 0x052d0000)
 tenured generation   total 10944K, used 0K [0x0a350000, 0x0ae00000, 0x14e00000)
   the space 10944K,   0% used [0x0a350000, 0x0a350000, 0x0a350200, 0x0ae00000)
 Metaspace       used 63K, capacity 2280K, committed 2368K, reserved 4480K
}
Event: 5.839 GC heap before
{Heap before GC invocations=1 (full 0):
 def new generation   total 4928K, used 4745K [0x04e00000, 0x05350000, 0x0a350000)
  eden space 4416K, 100% used [0x04e00000, 0x05250000, 0x05250000)
  from space 512K,  64% used [0x052d0000, 0x05322720, 0x05350000)
  to   space 512K,   0% used [0x05250000, 0x05250000, 0x052d0000)
 tenured generation   total 10944K, used 0K [0x0a350000, 0x0ae00000, 0x14e00000)
   the space 10944K,   0% used [0x0a350000, 0x0a350000, 0x0a350200, 0x0ae00000)
 Metaspace       used 64K, capacity 2280K, committed 2368K, reserved 4480K
Event: 5.839 GC heap after
Heap after GC invocations=2 (full 0):
 def new generation   total 4928K, used 0K [0x04e00000, 0x05350000, 0x0a350000)
  eden space 4416K,   0% used [0x04e00000, 0x04e00000, 0x05250000)
  from space 512K,   0% used [0x05250000, 0x05250040, 0x052d0000)
  to   space 512K,   0% used [0x052d0000, 0x052d0000, 0x05350000)
 tenured generation   total 10944K, used 319K [0x0a350000, 0x0ae00000, 0x14e00000)
   the space 10944K,   2% used [0x0a350000, 0x0a39fc28, 0x0a39fe00, 0x0ae00000)
 Metaspace       used 64K, capacity 2280K, committed 2368K, reserved 4480K
}
Event: 8.968 GC heap before
{Heap before GC invocations=2 (full 0):
 def new generation   total 4928K, used 4416K [0x04e00000, 0x05350000, 0x0a350000)
  eden space 4416K, 100% used [0x04e00000, 0x05250000, 0x05250000)
  from space 512K,   0% used [0x05250000, 0x05250040, 0x052d0000)
  to   space 512K,   0% used [0x052d0000, 0x052d0000, 0x05350000)
 tenured generation   total 10944K, used 319K [0x0a350000, 0x0ae00000, 0x14e00000)
   the space 10944K,   2% used [0x0a350000, 0x0a39fc28, 0x0a39fe00, 0x0ae00000)
 Metaspace       used 64K, capacity 2280K, committed 2368K, reserved 4480K
Event: 8.990 GC heap after
Heap after GC invocations=3 (full 0):
 def new generation   total 4928K, used 0K [0x04e00000, 0x05350000, 0x0a350000)
  eden space 4416K,   0% used [0x04e00000, 0x04e00000, 0x05250000)
  from space 512K,   0% used [0x052d0000, 0x052d0010, 0x05350000)
  to   space 512K,   0% used [0x05250000, 0x05250000, 0x052d0000)
 tenured generation   total 10944K, used 319K [0x0a350000, 0x0ae00000, 0x14e00000)
   the space 10944K,   2% used [0x0a350000, 0x0a39fc28, 0x0a39fe00, 0x0ae00000)
 Metaspace       used 64K, capacity 2280K, committed 2368K, reserved 4480K
}

Deoptimization events (0 events):
No events

Internal exceptions (2 events):
Event: 0.017 Thread 0x02c1c000 Exception <a 'java/lang/NoSuchMethodError': Method sun.misc.Unsafe.defineClass(Ljava/lang/String;[BII)Ljava/lang/Class; name or signature does not match> (0x04e079d8) thrown at [C:\re\workspace\8-2-build-windows-i586-cygwin\jdk8u91\7017\hotspot\src\share\vkÂ®üÎž‘?
Event: 0.017 Thread 0x02c1c000 Exception <a 'java/lang/NoSuchMethodError': Method sun.misc.Unsafe.prefetchRead(Ljava/lang/Object;J)V name or signature does not match> (0x04e07ca8) thrown at [C:\re\workspace\8-2-build-windows-i586-cygwin\jdk8u91\7017\hotspot\src\share\vm\prims\jni.cpp, l

Events (10 events):
Event: 5.839 Executing VM operation: GenCollectForAllocation
Event: 5.839 Executing VM operation: GenCollectForAllocation done
Event: 8.968 Executing VM operation: GenCollectForAllocation
Event: 8.990 Executing VM operation: GenCollectForAllocation done
Event: 10.253 loading class jpopt/OptRecursive
Event: 10.253 loading class jpopt/OptRecursive done
Event: 10.254 loading class Jama/Matrix
Event: 10.254 loading class Jama/Matrix done
Event: 10.259 loading class Jama/LUDecomposition
Event: 10.259 loading class Jama/LUDecomposition done


Dynamic libraries:
0x010c0000 - 0x010f3000 	C:\Program Files (x86)\Java\jdk1.8.0_91\bin\java.exe
0x77cb0000 - 0x77e2b000 	C:\WINDOWS\SYSTEM32\ntdll.dll
0x76000000 - 0x760e0000 	C:\WINDOWS\SYSTEM32\KERNEL32.DLL
0x779d0000 - 0x77b4e000 	C:\WINDOWS\SYSTEM32\KERNELBASE.dll
0x741c0000 - 0x74252000 	C:\WINDOWS\system32\apphelp.dll
0x763d0000 - 0x7644b000 	C:\WINDOWS\SYSTEM32\ADVAPI32.dll
0x775c0000 - 0x7767e000 	C:\WINDOWS\SYSTEM32\msvcrt.dll
0x75fb0000 - 0x75ff4000 	C:\WINDOWS\SYSTEM32\sechost.dll
0x765e0000 - 0x7668d000 	C:\WINDOWS\SYSTEM32\RPCRT4.dll
0x749e0000 - 0x749fe000 	C:\WINDOWS\SYSTEM32\SspiCli.dll
0x749d0000 - 0x749da000 	C:\WINDOWS\SYSTEM32\CRYPTBASE.dll
0x77910000 - 0x77968000 	C:\WINDOWS\SYSTEM32\bcryptPrimitives.dll
0x760e0000 - 0x76227000 	C:\WINDOWS\SYSTEM32\USER32.dll
0x77b50000 - 0x77c9f000 	C:\WINDOWS\SYSTEM32\GDI32.dll
0x72c70000 - 0x72e7f000 	C:\WINDOWS\WinSxS\x86_microsoft.windows.common-controls_6595b64144ccf1df_6.0.10586.494_none_ea85e725b9ba5a4b\COMCTL32.dll
0x76f90000 - 0x7714d000 	C:\WINDOWS\SYSTEM32\combase.dll
0x74b10000 - 0x74b3b000 	C:\WINDOWS\SYSTEM32\IMM32.DLL
0x55050000 - 0x5510d000 	C:\Program Files (x86)\Java\jdk1.8.0_91\jre\bin\msvcr100.dll
0x54c80000 - 0x5504a000 	C:\Program Files (x86)\Java\jdk1.8.0_91\jre\bin\client\jvm.dll
0x74aa0000 - 0x74aa6000 	C:\WINDOWS\SYSTEM32\PSAPI.DLL
0x739e0000 - 0x73a04000 	C:\WINDOWS\SYSTEM32\WINMM.dll
0x74310000 - 0x74318000 	C:\WINDOWS\SYSTEM32\WSOCK32.dll
0x743f0000 - 0x743f8000 	C:\WINDOWS\SYSTEM32\VERSION.dll
0x778a0000 - 0x778ff000 	C:\WINDOWS\SYSTEM32\WS2_32.dll
0x01120000 - 0x01143000 	C:\WINDOWS\SYSTEM32\WINMMBASE.dll
0x76a50000 - 0x76a87000 	C:\WINDOWS\SYSTEM32\cfgmgr32.dll
0x5db10000 - 0x5db1c000 	C:\Program Files (x86)\Java\jdk1.8.0_91\jre\bin\verify.dll
0x54c50000 - 0x54c71000 	C:\Program Files (x86)\Java\jdk1.8.0_91\jre\bin\java.dll
0x5daf0000 - 0x5db03000 	C:\Program Files (x86)\Java\jdk1.8.0_91\jre\bin\zip.dll
0x74b90000 - 0x75f8e000 	C:\WINDOWS\SYSTEM32\SHELL32.dll
0x76a90000 - 0x76f8a000 	C:\WINDOWS\SYSTEM32\windows.storage.dll
0x74b40000 - 0x74b85000 	C:\WINDOWS\SYSTEM32\shlwapi.dll
0x77ca0000 - 0x77cac000 	C:\WINDOWS\SYSTEM32\kernel.appcore.dll
0x769a0000 - 0x76a2d000 	C:\WINDOWS\SYSTEM32\shcore.dll
0x77680000 - 0x776c4000 	C:\WINDOWS\SYSTEM32\powrprof.dll
0x76810000 - 0x7681f000 	C:\WINDOWS\SYSTEM32\profapi.dll
0x168a0000 - 0x16d03000 	C:\Users\Cat\Documents\GitHub\AP_IIT_2016\Java\Optimizer_Projects\jIPOPT\jPOPT\lib\jipopt.dll
0x73550000 - 0x7368f000 	C:\WINDOWS\SYSTEM32\dbghelp.dll

VM Arguments:
jvm_args: -Dfile.encoding=UTF-8 
java_command: jpopt.JPOPT
java_class_path (initial): C:\Users\Cat\Documents\GitHub\AP_IIT_2016\Java\Optimizer_Projects\jIPOPT\jPOPT\lib\jipopt-3.3.2.jar;C:\Users\Cat\Documents\GitHub\AP_IIT_2016\Java\DIAS\libs\Jama-1.0.3.jar;C:\Users\Cat\Documents\GitHub\AP_IIT_2016\Java\Optimizer_Projects\jIPOPT\jPOPT\build\classes
Launcher Type: SUN_STANDARD

Environment Variables:
PATH=C:\ProgramData\Oracle\Java\javapath;C:\Program Files (x86)\Intel\iCLS Client\;C:\Program Files\Intel\iCLS Client\;C:\WINDOWS\system32;C:\WINDOWS;C:\WINDOWS\System32\Wbem;C:\WINDOWS\System32\WindowsPowerShell\v1.0\;C:\Program Files (x86)\Intel\OpenCL SDK\2.0\bin\x86;C:\Program Files (x86)\Intel\OpenCL SDK\2.0\bin\x64;C:\Program Files (x86)\Windows Live\Shared;C:\Program Files\Intel\WiFi\bin\;C:\Program Files\Common Files\Intel\WirelessCommon\;C:\Program Files (x86)\Skype\Phone\;C:\Program Files (x86)\PharosSystems\Core;C:\Program Files\Calibre2\;C:\Program Files\Intel\Intel(R) Management Engine Components\DAL;C:\Program Files\Intel\Intel(R) Management Engine Components\IPT;C:\Program Files (x86)\Intel\Intel(R) Management Engine Components\DAL;C:\Program Files (x86)\Intel\Intel(R) Management Engine Components\IPT;C:\Program Files\MATLAB\R2014a\runtime\win64;C:\Program Files\MATLAB\R2014a\bin;C:\Program Files\MATLAB\R2014a\polyspace\bin;C:\Program Files\Perforce;C:\Program Files\Perforce\DVCS\;C:\Program Files (x86)\Nmap
USERNAME=Cat
OS=Windows_NT
PROCESSOR_IDENTIFIER=Intel64 Family 6 Model 58 Stepping 9, GenuineIntel



---------------  S Y S T E M  ---------------

OS: Windows 10.0 , 64 bit Build 10586 (10.0.10586.0)

CPU:total 4 (2 cores per cpu, 2 threads per core) family 6 model 58 stepping 9, cmov, cx8, fxsr, mmx, sse, sse2, sse3, ssse3, sse4.1, sse4.2, popcnt, avx, aes, clmul, erms, ht, tsc, tscinvbit, tscinv

Memory: 4k page, physical 8271552k(2864084k free), swap 9582272k(3756036k free)

vm_info: Java HotSpot(TM) Client VM (25.91-b15) for windows-x86 JRE (1.8.0_91-b15), built on May 20 2016 17:33:18 by "java_re" with MS VC++ 10.0 (VS2010)

time: Wed Jul 13 17:11:37 2016
elapsed time: 10 seconds (0d 0h 0m 10s)

